<?xml version="1.0" encoding="UTF-8"?>
<!-- Generated by org.testng.reporters.JUnitReportReporter -->
<testsuite hostname="CFCOM4100" failures="0" tests="3" name="MavenDemoProject.DemoSona" time="39.810" errors="0" timestamp="2024-12-05T18:14:34 IST" skipped="0">
  <testcase classname="MavenDemoProject.DemoSona" name="Browser" time="3.004"/>
  <testcase classname="MavenDemoProject.DemoSona" name="login" time="34.635"/>
  <testcase classname="MavenDemoProject.DemoSona" name="profile" time="2.171"/>
</testsuite> <!-- MavenDemoProject.DemoSona -->
