<?xml version="1.0" encoding="UTF-8"?>
<!-- Generated by org.testng.reporters.JUnitReportReporter -->
<testsuite hostname="CFCOM4100" failures="0" tests="3" name="MavenDemoProject.DemoSonaTempleTown" time="29.898" errors="0" timestamp="2024-12-05T17:48:35 IST" skipped="0">
  <testcase classname="MavenDemoProject.DemoSonaTempleTown" name="HomePage" time="0.071"/>
  <testcase classname="MavenDemoProject.DemoSonaTempleTown" name="Demo" time="29.717"/>
  <testcase classname="MavenDemoProject.DemoSonaTempleTown" name="PlannedTripMenu" time="0.110"/>
</testsuite> <!-- MavenDemoProject.DemoSonaTempleTown -->
