<?xml version="1.0" encoding="UTF-8"?>
<!-- Generated by org.testng.reporters.JUnitReportReporter -->
<testsuite hostname="CFCOM4100" failures="0" tests="4" name="TestNGDemo.GroupingSauceDemo" time="14.649" errors="0" timestamp="2024-12-17T17:19:12 IST" skipped="0">
  <testcase classname="TestNGDemo.GroupingSauceDemo" name="OpenBrowsers" time="2.247"/>
  <testcase classname="TestNGDemo.GroupingSauceDemo" name="SideMenu" time="6.560"/>
  <testcase classname="TestNGDemo.GroupingSauceDemo" name="LoginPage" time="3.372"/>
  <testcase classname="TestNGDemo.GroupingSauceDemo" name="tearDown" time="2.470"/>
</testsuite> <!-- TestNGDemo.GroupingSauceDemo -->
