<?xml version="1.0" encoding="UTF-8"?>
<!-- Generated by org.testng.reporters.JUnitReportReporter -->
<testsuite hostname="CFCOM4100" failures="0" tests="3" name="TestNGDemo.GmailLoginPage" time="6.327" errors="0" timestamp="2024-12-03T18:20:36 IST" skipped="0">
  <testcase classname="TestNGDemo.GmailLoginPage" name="GmailLoginPage" time="5.526"/>
  <testcase classname="TestNGDemo.GmailLoginPage" name="EmailCredentials" time="0.021"/>
  <testcase classname="TestNGDemo.GmailLoginPage" name="email" time="0.780"/>
</testsuite> <!-- TestNGDemo.GmailLoginPage -->
