<?xml version="1.0" encoding="UTF-8"?>
<!-- Generated by org.testng.reporters.JUnitReportReporter -->
<testsuite hostname="CFCOM4100" failures="0" tests="3" name="TestNGDemo.DataProviderSauceDemo" time="17.838" errors="0" timestamp="2024-12-03T18:52:25 IST" skipped="0">
  <testcase classname="TestNGDemo.DataProviderSauceDemo" name="LoginPage" time="7.305"/>
  <testcase classname="TestNGDemo.DataProviderSauceDemo" name="LoginPage" time="4.832"/>
  <testcase classname="TestNGDemo.DataProviderSauceDemo" name="LoginPage" time="5.701"/>
</testsuite> <!-- TestNGDemo.DataProviderSauceDemo -->
