<?xml version="1.0" encoding="UTF-8"?>
<!-- Generated by org.testng.reporters.JUnitReportReporter -->
<testsuite hostname="CFCOM4100" failures="0" tests="4" name="TestNGDemo.GroupingSauceDemo" time="15.156" errors="0" timestamp="2024-12-04T17:00:57 IST" skipped="0">
  <testcase classname="TestNGDemo.GroupingSauceDemo" name="SideMenu" time="6.513"/>
  <testcase classname="TestNGDemo.GroupingSauceDemo" name="tearDown" time="2.378"/>
  <testcase classname="TestNGDemo.GroupingSauceDemo" name="LoginPage" time="3.339"/>
  <testcase classname="TestNGDemo.GroupingSauceDemo" name="OpenBrowsers" time="2.926"/>
</testsuite> <!-- TestNGDemo.GroupingSauceDemo -->
