<?xml version="1.0" encoding="UTF-8"?>
<!-- Generated by org.testng.reporters.JUnitReportReporter -->
<testsuite hostname="CFCOM4100" failures="0" tests="3" name="TestNGDemo.DemoSonaTempleTown" time="24.909" errors="0" timestamp="2024-12-05T17:44:39 IST" skipped="0">
  <testcase classname="TestNGDemo.DemoSonaTempleTown" name="PlannedTripMenu" time="0.106"/>
  <testcase classname="TestNGDemo.DemoSonaTempleTown" name="HomePage" time="0.083"/>
  <testcase classname="TestNGDemo.DemoSonaTempleTown" name="Demo" time="24.720"/>
</testsuite> <!-- TestNGDemo.DemoSonaTempleTown -->
