<?xml version="1.0" encoding="UTF-8"?>
<!-- Generated by org.testng.reporters.JUnitReportReporter -->
<testsuite hostname="CFCOM4100" failures="0" tests="3" name="TestNGDemo.DemoSona" time="39.601" errors="0" timestamp="2024-12-05T17:57:42 IST" skipped="0">
  <testcase classname="TestNGDemo.DemoSona" name="Browser" time="2.962"/>
  <testcase classname="TestNGDemo.DemoSona" name="login" time="34.440"/>
  <testcase classname="TestNGDemo.DemoSona" name="profile" time="2.199"/>
</testsuite> <!-- TestNGDemo.DemoSona -->
