<?xml version="1.0" encoding="UTF-8"?>
<!-- Generated by org.testng.reporters.JUnitReportReporter -->
<testsuite hostname="CFCOM4100" failures="0" tests="1" name="TestNGDemo.FaceBookTestNG" time="3.662" errors="0" timestamp="2024-12-03T18:20:02 IST" skipped="0">
  <testcase classname="TestNGDemo.FaceBookTestNG" name="OpenFacebookPage" time="3.662"/>
</testsuite> <!-- TestNGDemo.FaceBookTestNG -->
