<?xml version="1.0" encoding="UTF-8"?>
<!-- Generated by org.testng.reporters.JUnitReportReporter -->
<testsuite hostname="CFCOM4100" failures="0" tests="4" name="TestNGDemo.GroupingSauceDemo" time="14.316" errors="0" timestamp="2025-02-10T16:58:00 IST" skipped="0">
  <testcase classname="TestNGDemo.GroupingSauceDemo" name="LoginPage" time="3.239"/>
  <testcase classname="TestNGDemo.GroupingSauceDemo" name="SideMenu" time="6.688"/>
  <testcase classname="TestNGDemo.GroupingSauceDemo" name="tearDown" time="2.444"/>
  <testcase classname="TestNGDemo.GroupingSauceDemo" name="OpenBrowsers" time="1.945"/>
</testsuite> <!-- TestNGDemo.GroupingSauceDemo -->
