<?xml version="1.0" encoding="UTF-8"?>
<!-- Generated by org.testng.reporters.JUnitReportReporter -->
<testsuite hostname="CFCOM4100" failures="0" tests="3" name="TestNGDemo.DataProviderSauceDemo" time="17.732" errors="0" timestamp="2025-02-10T17:00:37 IST" skipped="0">
  <testcase classname="TestNGDemo.DataProviderSauceDemo" name="LoginPage" time="6.191"/>
  <testcase classname="TestNGDemo.DataProviderSauceDemo" name="LoginPage" time="6.701"/>
  <testcase classname="TestNGDemo.DataProviderSauceDemo" name="LoginPage" time="4.840"/>
</testsuite> <!-- TestNGDemo.DataProviderSauceDemo -->
